<?xml version="1.0" encoding="UTF-8"?>
<testng-results skipped="0" failed="0" total="3" passed="3">
  <reporter-output>
  </reporter-output>
  <suite name="mySuite" duration-ms="14567" started-at="2016-07-19T14:33:31Z" finished-at="2016-07-19T14:33:46Z">
    <groups>
    </groups>
    <test name="myTests" duration-ms="14567" started-at="2016-07-19T14:33:31Z" finished-at="2016-07-19T14:33:46Z">
      <class name="my.samples.AppTest">
        <test-method status="PASS" signature="bingSearch(java.lang.String)[pri:0, instance:my.samples.AppTest@14f4c7a]" name="bingSearch" duration-ms="5933" started-at="2016-07-19T10:33:31Z" data-provider="myTest" finished-at="2016-07-19T10:33:37Z">
          <params>
            <param index="0">
              <value>
                <![CDATA[Nac Mac Feegles]]>
              </value>
            </param>
          </params>
          <reporter-output>
          </reporter-output>
        </test-method> <!-- bingSearch -->
        <test-method status="PASS" signature="bingSearch(java.lang.String)[pri:0, instance:my.samples.AppTest@14f4c7a]" name="bingSearch" duration-ms="4260" started-at="2016-07-19T10:33:37Z" data-provider="myTest" finished-at="2016-07-19T10:33:41Z">
          <params>
            <param index="0">
              <value>
                <![CDATA[Granny Weatherwax]]>
              </value>
            </param>
          </params>
          <reporter-output>
          </reporter-output>
        </test-method> <!-- bingSearch -->
        <test-method status="PASS" signature="bingSearch(java.lang.String)[pri:0, instance:my.samples.AppTest@14f4c7a]" name="bingSearch" duration-ms="4363" started-at="2016-07-19T10:33:41Z" data-provider="myTest" finished-at="2016-07-19T10:33:46Z">
          <params>
            <param index="0">
              <value>
                <![CDATA[Nanny Ogg]]>
              </value>
            </param>
          </params>
          <reporter-output>
          </reporter-output>
        </test-method> <!-- bingSearch -->
      </class> <!-- my.samples.AppTest -->
    </test> <!-- myTests -->
  </suite> <!-- mySuite -->
</testng-results>
