<?xml version="1.0" encoding="UTF-8"?>
<!-- Generated by org.testng.reporters.JUnitXMLReporter -->
<testsuite hostname="sapc007" name="Command line test" tests="3" failures="0" timestamp="19 Jul 2016 14:29:33 GMT" time="12.504" errors="0">
  <testcase name="bingSearch" time="4.38" classname="my.samples.AppTest"/>
  <testcase name="bingSearch" time="4.585" classname="my.samples.AppTest"/>
  <testcase name="bingSearch" time="3.529" classname="my.samples.AppTest"/>
</testsuite> <!-- Command line test -->
